2022-01-20 13:58:53 INFO  .:69 - The execution of method loadFiles started here ...
2022-01-20 13:58:53 INFO  .:84 - The execution of method loadFiles ended here ...
2022-01-20 13:59:11 INFO  .:86 - The execution of method navigate started here ...
2022-01-20 13:59:21 INFO  .:98 - The execution of method navigate ended here ...
2022-01-20 13:59:21 INFO  .:166 - In Test Scenario Login the method navigate execution status is :Pass
2022-01-20 13:59:22 INFO  .:32 - The execution of method login started here ...
2022-01-20 13:59:29 INFO  .:50 - The execution of method login ended here ...
2022-01-20 13:59:29 INFO  .:166 - In Test Scenario Login the method login execution status is :Pass
2022-01-20 13:59:34 INFO  .:166 - In Test Scenario Login the method minimizeFlyOutWindow execution status is :Fail
2022-01-20 13:59:35 INFO  .:76 - The execution of method logout started here ...
2022-01-20 13:59:37 ERROR .:91 - there is an exception arised during the execution of the method logout,The Exception :org.openqa.selenium.ElementClickInterceptedException: element click intercepted: Element <a href="/logout.do" id="logoutLink" class="logout">...</a> is not clickable at point (1309, 17). Other element would receive the click: <div id="preInsertedTransformedMoireId" class="transformedMoireClass" style="transition: opacity 600ms ease-in-out 0s; opacity: 0;"></div>
  (Session info: chrome=97.0.4692.71)
Build info: version: '4.1.0', revision: '87802e897b'
System info: host: 'DESKTOP-NPCHK6H', ip: '192.168.238.39', os.name: 'Windows 10', os.arch: 'amd64', os.version: '10.0', java.version: '16.0.1'
Driver info: org.openqa.selenium.chrome.ChromeDriver
Command: [bff8ca9c2678d9e9dd70f5aff0621c2a, clickElement {id=0b4c2603-ccf4-4fac-8a2c-d7d1515bb9e0}]
Capabilities {acceptInsecureCerts: false, browserName: chrome, browserVersion: 97.0.4692.71, chrome: {chromedriverVersion: 96.0.4664.45 (76e4c1bb2ab46..., userDataDir: C:\Users\HARISH~1\AppData\L...}, goog:chromeOptions: {debuggerAddress: localhost:53153}, javascriptEnabled: true, networkConnectionEnabled: false, pageLoadStrategy: normal, platform: WINDOWS, platformName: WINDOWS, proxy: Proxy(), se:cdp: ws://localhost:53153/devtoo..., se:cdpVersion: 97.0.4692.71, setWindowRect: true, strictFileInteractability: false, timeouts: {implicit: 0, pageLoad: 300000, script: 30000}, unhandledPromptBehavior: dismiss and notify, webauthn:extension:credBlob: true, webauthn:extension:largeBlob: true, webauthn:virtualAuthenticators: true}
Element: [[ChromeDriver: chrome on WINDOWS (bff8ca9c2678d9e9dd70f5aff0621c2a)] -> xpath: //a[text()='Logout']]
Session ID: bff8ca9c2678d9e9dd70f5aff0621c2a
2022-01-20 13:59:37 INFO  .:166 - In Test Scenario Login the method logout execution status is :Fail
2022-01-20 13:59:37 INFO  .:121 - The execution of method closeApplication started here ...
2022-01-20 13:59:43 INFO  .:124 - The execution of method closeApplication ended here ...
2022-01-20 13:59:43 INFO  .:166 - In Test Scenario Login the method closeApplication execution status is :Pass
2022-01-20 13:59:43 INFO  .:180 - +++++++++++++++++++++++++++++++
2022-01-20 13:59:50 INFO  .:86 - The execution of method navigate started here ...
2022-01-20 14:00:02 INFO  .:98 - The execution of method navigate ended here ...
2022-01-20 14:00:02 INFO  .:166 - In Test Scenario CreateUser the method navigate execution status is :Pass
2022-01-20 14:00:03 INFO  .:32 - The execution of method login started here ...
2022-01-20 14:00:10 INFO  .:50 - The execution of method login ended here ...
2022-01-20 14:00:10 INFO  .:166 - In Test Scenario CreateUser the method login execution status is :Pass
2022-01-20 14:00:15 INFO  .:166 - In Test Scenario CreateUser the method minimizeFlyOutWindow execution status is :Pass
2022-01-20 14:00:15 INFO  .:32 - The execution of method createUser started here ...
2022-01-20 14:00:33 INFO  .:60 - The execution of method createUser ended here ...
2022-01-20 14:00:33 INFO  .:166 - In Test Scenario CreateUser the method createUser execution status is :Pass
2022-01-20 14:00:33 INFO  .:131 - The execution of method deleteUser started here ...
2022-01-20 14:00:34 ERROR .:150 - there is an exception arised during the execution of the method deleteUser,The Exception :org.openqa.selenium.UnhandledAlertException: unexpected alert open: {Alert text : Do you want to cancel the process of adding new user and discard already entered data?}
  (Session info: chrome=97.0.4692.71): Do you want to cancel the process of adding new user and discard already entered data?
Build info: version: '4.1.0', revision: '87802e897b'
System info: host: 'DESKTOP-NPCHK6H', ip: '192.168.238.39', os.name: 'Windows 10', os.arch: 'amd64', os.version: '10.0', java.version: '16.0.1'
Driver info: org.openqa.selenium.chrome.ChromeDriver
Command: [fbc9b1db2893b26cc313e3ec1c52aca6, findElement {using=xpath, value=//span[text()='User1, Test']}]
Capabilities {acceptInsecureCerts: false, browserName: chrome, browserVersion: 97.0.4692.71, chrome: {chromedriverVersion: 96.0.4664.45 (76e4c1bb2ab46..., userDataDir: C:\Users\HARISH~1\AppData\L...}, goog:chromeOptions: {debuggerAddress: localhost:58293}, javascriptEnabled: true, networkConnectionEnabled: false, pageLoadStrategy: normal, platform: WINDOWS, platformName: WINDOWS, proxy: Proxy(), se:cdp: ws://localhost:58293/devtoo..., se:cdpVersion: 97.0.4692.71, setWindowRect: true, strictFileInteractability: false, timeouts: {implicit: 0, pageLoad: 300000, script: 30000}, unhandledPromptBehavior: dismiss and notify, webauthn:extension:credBlob: true, webauthn:extension:largeBlob: true, webauthn:virtualAuthenticators: true}
Session ID: fbc9b1db2893b26cc313e3ec1c52aca6
2022-01-20 14:00:35 INFO  .:166 - In Test Scenario CreateUser the method deleteUser execution status is :Fail
2022-01-20 14:00:35 INFO  .:76 - The execution of method logout started here ...
2022-01-20 14:00:37 ERROR .:91 - there is an exception arised during the execution of the method logout,The Exception :org.openqa.selenium.ElementClickInterceptedException: element click intercepted: Element <a href="/logout.do" id="logoutLink" class="logout">...</a> is not clickable at point (1309, 17). Other element would receive the click: <img src="/img/default/dialogs/exitconfirm/shade.png?hash=1388610907" id="muar" style="display: block;">
  (Session info: chrome=97.0.4692.71)
Build info: version: '4.1.0', revision: '87802e897b'
System info: host: 'DESKTOP-NPCHK6H', ip: '192.168.238.39', os.name: 'Windows 10', os.arch: 'amd64', os.version: '10.0', java.version: '16.0.1'
Driver info: org.openqa.selenium.chrome.ChromeDriver
Command: [fbc9b1db2893b26cc313e3ec1c52aca6, clickElement {id=2b2870cd-68a0-4192-8381-26927b026d68}]
Capabilities {acceptInsecureCerts: false, browserName: chrome, browserVersion: 97.0.4692.71, chrome: {chromedriverVersion: 96.0.4664.45 (76e4c1bb2ab46..., userDataDir: C:\Users\HARISH~1\AppData\L...}, goog:chromeOptions: {debuggerAddress: localhost:58293}, javascriptEnabled: true, networkConnectionEnabled: false, pageLoadStrategy: normal, platform: WINDOWS, platformName: WINDOWS, proxy: Proxy(), se:cdp: ws://localhost:58293/devtoo..., se:cdpVersion: 97.0.4692.71, setWindowRect: true, strictFileInteractability: false, timeouts: {implicit: 0, pageLoad: 300000, script: 30000}, unhandledPromptBehavior: dismiss and notify, webauthn:extension:credBlob: true, webauthn:extension:largeBlob: true, webauthn:virtualAuthenticators: true}
Element: [[ChromeDriver: chrome on WINDOWS (fbc9b1db2893b26cc313e3ec1c52aca6)] -> xpath: //a[text()='Logout']]
Session ID: fbc9b1db2893b26cc313e3ec1c52aca6
2022-01-20 14:00:37 INFO  .:166 - In Test Scenario CreateUser the method logout execution status is :Fail
2022-01-20 14:00:38 INFO  .:121 - The execution of method closeApplication started here ...
2022-01-20 14:00:38 ERROR .:127 - there is an exception arised during the execution of the method closeApplication,The Exception :org.openqa.selenium.UnhandledAlertException: unexpected alert open: {Alert text : Do you want to cancel the process of adding new user and discard already entered data?}
  (Session info: chrome=97.0.4692.71): Do you want to cancel the process of adding new user and discard already entered data?
Build info: version: '4.1.0', revision: '87802e897b'
System info: host: 'DESKTOP-NPCHK6H', ip: '192.168.238.39', os.name: 'Windows 10', os.arch: 'amd64', os.version: '10.0', java.version: '16.0.1'
Driver info: org.openqa.selenium.chrome.ChromeDriver
Command: [fbc9b1db2893b26cc313e3ec1c52aca6, close {}]
Capabilities {acceptInsecureCerts: false, browserName: chrome, browserVersion: 97.0.4692.71, chrome: {chromedriverVersion: 96.0.4664.45 (76e4c1bb2ab46..., userDataDir: C:\Users\HARISH~1\AppData\L...}, goog:chromeOptions: {debuggerAddress: localhost:58293}, javascriptEnabled: true, networkConnectionEnabled: false, pageLoadStrategy: normal, platform: WINDOWS, platformName: WINDOWS, proxy: Proxy(), se:cdp: ws://localhost:58293/devtoo..., se:cdpVersion: 97.0.4692.71, setWindowRect: true, strictFileInteractability: false, timeouts: {implicit: 0, pageLoad: 300000, script: 30000}, unhandledPromptBehavior: dismiss and notify, webauthn:extension:credBlob: true, webauthn:extension:largeBlob: true, webauthn:virtualAuthenticators: true}
Session ID: fbc9b1db2893b26cc313e3ec1c52aca6
2022-01-20 14:00:39 INFO  .:166 - In Test Scenario CreateUser the method closeApplication execution status is :Fail
2022-01-20 14:00:39 INFO  .:180 - +++++++++++++++++++++++++++++++
2022-01-20 14:00:53 INFO  .:86 - The execution of method navigate started here ...
2022-01-27 23:08:10 INFO  .:69 - The execution of method loadFiles started here ...
2022-01-27 23:08:10 INFO  .:84 - The execution of method loadFiles ended here ...
2022-01-27 23:08:28 INFO  .:86 - The execution of method navigate started here ...
2022-01-27 23:08:36 INFO  .:98 - The execution of method navigate ended here ...
2022-01-27 23:08:36 INFO  .:166 - In Test Scenario Login the method navigate execution status is :Pass
2022-01-27 23:08:37 INFO  .:32 - The execution of method login started here ...
2022-01-27 23:08:43 INFO  .:50 - The execution of method login ended here ...
2022-01-27 23:08:43 INFO  .:166 - In Test Scenario Login the method login execution status is :Pass
2022-01-27 23:08:46 INFO  .:166 - In Test Scenario Login the method minimizeFlyOutWindow execution status is :Pass
2022-01-27 23:08:46 INFO  .:76 - The execution of method logout started here ...
2022-01-27 23:08:51 INFO  .:88 - The execution of method logout ended here ...
2022-01-27 23:08:51 INFO  .:166 - In Test Scenario Login the method logout execution status is :Pass
2022-01-27 23:08:51 INFO  .:121 - The execution of method closeApplication started here ...
2022-01-27 23:08:56 INFO  .:124 - The execution of method closeApplication ended here ...
2022-01-27 23:08:56 INFO  .:166 - In Test Scenario Login the method closeApplication execution status is :Pass
2022-01-27 23:08:56 INFO  .:180 - +++++++++++++++++++++++++++++++
2022-01-27 23:08:59 INFO  .:86 - The execution of method navigate started here ...
2022-01-27 23:09:06 INFO  .:98 - The execution of method navigate ended here ...
2022-01-27 23:09:06 INFO  .:166 - In Test Scenario CreateUser the method navigate execution status is :Pass
2022-01-27 23:09:07 INFO  .:32 - The execution of method login started here ...
2022-01-27 23:09:12 INFO  .:50 - The execution of method login ended here ...
2022-01-27 23:09:12 INFO  .:166 - In Test Scenario CreateUser the method login execution status is :Pass
2022-01-27 23:09:16 INFO  .:166 - In Test Scenario CreateUser the method minimizeFlyOutWindow execution status is :Fail
2022-01-27 23:09:16 INFO  .:32 - The execution of method createUser started here ...
2022-01-27 23:09:18 ERROR .:63 - there is an exception arised during the execution of the method createUser,The Exception :org.openqa.selenium.ElementClickInterceptedException: element click intercepted: Element <div class="img">...</div> is not clickable at point (873, 51). Other element would receive the click: <div id="preInsertedTransformedMoireId" class="transformedMoireClass" style="transition: opacity 600ms ease-in-out 0s; opacity: 0;"></div>
  (Session info: chrome=97.0.4692.99)
Build info: version: '4.1.0', revision: '87802e897b'
System info: host: 'DESKTOP-NPCHK6H', ip: '192.168.160.39', os.name: 'Windows 10', os.arch: 'amd64', os.version: '10.0', java.version: '16.0.1'
Driver info: org.openqa.selenium.chrome.ChromeDriver
Command: [873f42b6b59dbe6a9391a78c821b58bc, clickElement {id=8df62868-350d-4bb2-9a6d-5dd8f843567c}]
Capabilities {acceptInsecureCerts: false, browserName: chrome, browserVersion: 97.0.4692.99, chrome: {chromedriverVersion: 96.0.4664.45 (76e4c1bb2ab46..., userDataDir: C:\Users\HARISH~1\AppData\L...}, goog:chromeOptions: {debuggerAddress: localhost:54085}, javascriptEnabled: true, networkConnectionEnabled: false, pageLoadStrategy: normal, platform: WINDOWS, platformName: WINDOWS, proxy: Proxy(), se:cdp: ws://localhost:54085/devtoo..., se:cdpVersion: 97.0.4692.99, setWindowRect: true, strictFileInteractability: false, timeouts: {implicit: 0, pageLoad: 300000, script: 30000}, unhandledPromptBehavior: dismiss and notify, webauthn:extension:credBlob: true, webauthn:extension:largeBlob: true, webauthn:virtualAuthenticators: true}
Element: [[ChromeDriver: chrome on WINDOWS (873f42b6b59dbe6a9391a78c821b58bc)] -> xpath: //*[@id='topnav']/tbody/tr[1]/td[5]/a/div[2]]
Session ID: 873f42b6b59dbe6a9391a78c821b58bc
2022-01-27 23:09:18 INFO  .:166 - In Test Scenario CreateUser the method createUser execution status is :Fail
2022-01-27 23:09:18 INFO  .:131 - The execution of method deleteUser started here ...
2022-01-27 23:09:18 ERROR .:150 - there is an exception arised during the execution of the method deleteUser,The Exception :org.openqa.selenium.NoSuchElementException: no such element: Unable to locate element: {"method":"xpath","selector":"//span[text()='User1, Test']"}
  (Session info: chrome=97.0.4692.99)
For documentation on this error, please visit: https://selenium.dev/exceptions/#no_such_element
Build info: version: '4.1.0', revision: '87802e897b'
System info: host: 'DESKTOP-NPCHK6H', ip: '192.168.160.39', os.name: 'Windows 10', os.arch: 'amd64', os.version: '10.0', java.version: '16.0.1'
Driver info: org.openqa.selenium.chrome.ChromeDriver
Command: [873f42b6b59dbe6a9391a78c821b58bc, findElement {using=xpath, value=//span[text()='User1, Test']}]
Capabilities {acceptInsecureCerts: false, browserName: chrome, browserVersion: 97.0.4692.99, chrome: {chromedriverVersion: 96.0.4664.45 (76e4c1bb2ab46..., userDataDir: C:\Users\HARISH~1\AppData\L...}, goog:chromeOptions: {debuggerAddress: localhost:54085}, javascriptEnabled: true, networkConnectionEnabled: false, pageLoadStrategy: normal, platform: WINDOWS, platformName: WINDOWS, proxy: Proxy(), se:cdp: ws://localhost:54085/devtoo..., se:cdpVersion: 97.0.4692.99, setWindowRect: true, strictFileInteractability: false, timeouts: {implicit: 0, pageLoad: 300000, script: 30000}, unhandledPromptBehavior: dismiss and notify, webauthn:extension:credBlob: true, webauthn:extension:largeBlob: true, webauthn:virtualAuthenticators: true}
Session ID: 873f42b6b59dbe6a9391a78c821b58bc
2022-01-27 23:09:18 INFO  .:166 - In Test Scenario CreateUser the method deleteUser execution status is :Fail
2022-01-27 23:09:19 INFO  .:76 - The execution of method logout started here ...
2022-01-27 23:09:20 ERROR .:91 - there is an exception arised during the execution of the method logout,The Exception :org.openqa.selenium.ElementClickInterceptedException: element click intercepted: Element <a href="/logout.do" id="logoutLink" class="logout">...</a> is not clickable at point (1309, 17). Other element would receive the click: <div id="preInsertedTransformedMoireId" class="transformedMoireClass" style="transition: opacity 600ms ease-in-out 0s; opacity: 0;"></div>
  (Session info: chrome=97.0.4692.99)
Build info: version: '4.1.0', revision: '87802e897b'
System info: host: 'DESKTOP-NPCHK6H', ip: '192.168.160.39', os.name: 'Windows 10', os.arch: 'amd64', os.version: '10.0', java.version: '16.0.1'
Driver info: org.openqa.selenium.chrome.ChromeDriver
Command: [873f42b6b59dbe6a9391a78c821b58bc, clickElement {id=5466ae8f-eaac-4602-9064-224295355944}]
Capabilities {acceptInsecureCerts: false, browserName: chrome, browserVersion: 97.0.4692.99, chrome: {chromedriverVersion: 96.0.4664.45 (76e4c1bb2ab46..., userDataDir: C:\Users\HARISH~1\AppData\L...}, goog:chromeOptions: {debuggerAddress: localhost:54085}, javascriptEnabled: true, networkConnectionEnabled: false, pageLoadStrategy: normal, platform: WINDOWS, platformName: WINDOWS, proxy: Proxy(), se:cdp: ws://localhost:54085/devtoo..., se:cdpVersion: 97.0.4692.99, setWindowRect: true, strictFileInteractability: false, timeouts: {implicit: 0, pageLoad: 300000, script: 30000}, unhandledPromptBehavior: dismiss and notify, webauthn:extension:credBlob: true, webauthn:extension:largeBlob: true, webauthn:virtualAuthenticators: true}
Element: [[ChromeDriver: chrome on WINDOWS (873f42b6b59dbe6a9391a78c821b58bc)] -> xpath: //a[text()='Logout']]
Session ID: 873f42b6b59dbe6a9391a78c821b58bc
2022-01-27 23:09:20 INFO  .:166 - In Test Scenario CreateUser the method logout execution status is :Fail
2022-01-27 23:09:21 INFO  .:121 - The execution of method closeApplication started here ...
2022-01-27 23:09:25 INFO  .:124 - The execution of method closeApplication ended here ...
2022-01-27 23:09:25 INFO  .:166 - In Test Scenario CreateUser the method closeApplication execution status is :Pass
2022-01-27 23:09:25 INFO  .:180 - +++++++++++++++++++++++++++++++
2022-01-27 23:09:28 INFO  .:86 - The execution of method navigate started here ...
